<?xml version="1.0" encoding="UTF-8"?>
<!-- Generated by org.testng.reporters.JUnitXMLReporter -->
<testsuite ignored="0" hostname="DESKTOP-IGKLUGB" failures="0" tests="3" name="Default test" time="53.241" errors="0" timestamp="2023-12-11T13:05:40 IST">
  <testcase classname="Testpages.TestingHomepage" name="testLogin" time="5.763"/>
  <testcase classname="Testpages.TestingHomepage" name="CheckingDetails" time="33.99"/>
  <testcase classname="Testpages.TestingHomepage" name="CloseBrowser" time="0.226"/>
</testsuite> <!-- Default test -->
